<?xml version="1.0" encoding="UTF-8"?>
<testsuite name="com.example.rqchallenge.employees.service.EmployeeServiceImplTests" tests="7" skipped="0" failures="0" errors="0" timestamp="2022-05-12T04:05:24" hostname="LAPTOP-QUG30EVR" time="0.235">
  <properties/>
  <testcase name="getTopTenHighestEarningEmployeeNames()" classname="com.example.rqchallenge.employees.service.EmployeeServiceImplTests" time="0.11"/>
  <testcase name="getEmployeeById()" classname="com.example.rqchallenge.employees.service.EmployeeServiceImplTests" time="0.011"/>
  <testcase name="getAllEmployees()" classname="com.example.rqchallenge.employees.service.EmployeeServiceImplTests" time="0.012"/>
  <testcase name="deleteEmployeeById()" classname="com.example.rqchallenge.employees.service.EmployeeServiceImplTests" time="0.012"/>
  <testcase name="getHighestSalaryOfEmployees()" classname="com.example.rqchallenge.employees.service.EmployeeServiceImplTests" time="0.014"/>
  <testcase name="getEmployeesByNameSearch()" classname="com.example.rqchallenge.employees.service.EmployeeServiceImplTests" time="0.013"/>
  <testcase name="createEmployee()" classname="com.example.rqchallenge.employees.service.EmployeeServiceImplTests" time="0.009"/>
  <system-out><![CDATA[2022-05-12 09:35:24.148  INFO 5008 --- [    Test worker] .b.t.c.SpringBootTestContextBootstrapper : Neither @ContextConfiguration nor @ContextHierarchy found for test class [com.example.rqchallenge.employees.service.EmployeeServiceImplTests], using SpringBootContextLoader
2022-05-12 09:35:24.148  INFO 5008 --- [    Test worker] o.s.t.c.support.AbstractContextLoader    : Could not detect default resource locations for test class [com.example.rqchallenge.employees.service.EmployeeServiceImplTests]: no resource found for suffixes {-context.xml, Context.groovy}.
2022-05-12 09:35:24.148  INFO 5008 --- [    Test worker] t.c.s.AnnotationConfigContextLoaderUtils : Could not detect default configuration classes for test class [com.example.rqchallenge.employees.service.EmployeeServiceImplTests]: EmployeeServiceImplTests does not declare any static, non-private, non-final, nested classes annotated with @Configuration.
2022-05-12 09:35:24.163  INFO 5008 --- [    Test worker] .b.t.c.SpringBootTestContextBootstrapper : Found @SpringBootConfiguration com.example.rqchallenge.RqChallengeApplication for test class com.example.rqchallenge.employees.service.EmployeeServiceImplTests
2022-05-12 09:35:24.163  INFO 5008 --- [    Test worker] .b.t.c.SpringBootTestContextBootstrapper : Loaded default TestExecutionListener class names from location [META-INF/spring.factories]: [org.springframework.boot.test.autoconfigure.restdocs.RestDocsTestExecutionListener, org.springframework.boot.test.autoconfigure.web.client.MockRestServiceServerResetTestExecutionListener, org.springframework.boot.test.autoconfigure.web.servlet.MockMvcPrintOnlyOnFailureTestExecutionListener, org.springframework.boot.test.autoconfigure.web.servlet.WebDriverTestExecutionListener, org.springframework.boot.test.autoconfigure.webservices.client.MockWebServiceServerTestExecutionListener, org.springframework.boot.test.mock.mockito.MockitoTestExecutionListener, org.springframework.boot.test.mock.mockito.ResetMocksTestExecutionListener, org.springframework.test.context.web.ServletTestExecutionListener, org.springframework.test.context.support.DirtiesContextBeforeModesTestExecutionListener, org.springframework.test.context.event.ApplicationEventsTestExecutionListener, org.springframework.test.context.support.DependencyInjectionTestExecutionListener, org.springframework.test.context.support.DirtiesContextTestExecutionListener, org.springframework.test.context.transaction.TransactionalTestExecutionListener, org.springframework.test.context.jdbc.SqlScriptsTestExecutionListener, org.springframework.test.context.event.EventPublishingTestExecutionListener]
2022-05-12 09:35:24.168  INFO 5008 --- [    Test worker] .b.t.c.SpringBootTestContextBootstrapper : Using TestExecutionListeners: [org.springframework.test.context.web.ServletTestExecutionListener@7f3fc42f, org.springframework.test.context.support.DirtiesContextBeforeModesTestExecutionListener@25a1a012, org.springframework.test.context.event.ApplicationEventsTestExecutionListener@ce12fbb, org.springframework.boot.test.mock.mockito.MockitoTestExecutionListener@4525e9e8, org.springframework.boot.test.autoconfigure.SpringBootDependencyInjectionTestExecutionListener@443a53df, org.springframework.test.context.support.DirtiesContextTestExecutionListener@6c33da7a, org.springframework.test.context.event.EventPublishingTestExecutionListener@69aabcb0, org.springframework.boot.test.autoconfigure.restdocs.RestDocsTestExecutionListener@32a72c4, org.springframework.boot.test.autoconfigure.web.client.MockRestServiceServerResetTestExecutionListener@15986dd5, org.springframework.boot.test.autoconfigure.web.servlet.MockMvcPrintOnlyOnFailureTestExecutionListener@678a9516, org.springframework.boot.test.autoconfigure.web.servlet.WebDriverTestExecutionListener@5bf9ea6b, org.springframework.boot.test.autoconfigure.webservices.client.MockWebServiceServerTestExecutionListener@b950f82, org.springframework.boot.test.mock.mockito.ResetMocksTestExecutionListener@5d352de0]
2022-05-12 09:35:24.674  INFO 5008 --- [    Test worker] c.e.r.e.service.EmployeeServiceImpl      : Deleted Successfully
]]></system-out>
  <system-err><![CDATA[]]></system-err>
</testsuite>
