<?xml version="1.0" encoding="UTF-8"?>
<testsuite name="com.example.rqchallenge.employees.controller.EmployeeControllerImplTests" tests="12" skipped="0" failures="0" errors="0" timestamp="2022-05-12T04:05:23" hostname="LAPTOP-QUG30EVR" time="0.292">
  <properties/>
  <testcase name="getTopTenHighestEarningEmployeeNamesNone()" classname="com.example.rqchallenge.employees.controller.EmployeeControllerImplTests" time="0.113"/>
  <testcase name="getAllEmployeesNotFound()" classname="com.example.rqchallenge.employees.controller.EmployeeControllerImplTests" time="0.01"/>
  <testcase name="deleteEmployeeByIdFailed()" classname="com.example.rqchallenge.employees.controller.EmployeeControllerImplTests" time="0.018"/>
  <testcase name="getEmployeesByNameSearchNotFound()" classname="com.example.rqchallenge.employees.controller.EmployeeControllerImplTests" time="0.006"/>
  <testcase name="createEmployeeFailed()" classname="com.example.rqchallenge.employees.controller.EmployeeControllerImplTests" time="0.045"/>
  <testcase name="getEmployeeByIdFound()" classname="com.example.rqchallenge.employees.controller.EmployeeControllerImplTests" time="0.046"/>
  <testcase name="getTopTenHighestEarningEmployeeNamesFound()" classname="com.example.rqchallenge.employees.controller.EmployeeControllerImplTests" time="0.006"/>
  <testcase name="getAllEmployeesFound()" classname="com.example.rqchallenge.employees.controller.EmployeeControllerImplTests" time="0.007"/>
  <testcase name="getEmployeesByNameSearchFound()" classname="com.example.rqchallenge.employees.controller.EmployeeControllerImplTests" time="0.005"/>
  <testcase name="deleteEmployeeById()" classname="com.example.rqchallenge.employees.controller.EmployeeControllerImplTests" time="0.005"/>
  <testcase name="getHighestSalaryOfEmployees()" classname="com.example.rqchallenge.employees.controller.EmployeeControllerImplTests" time="0.006"/>
  <testcase name="getEmployeeByIdNotFound()" classname="com.example.rqchallenge.employees.controller.EmployeeControllerImplTests" time="0.008"/>
  <system-out><![CDATA[2022-05-12 09:35:22.562  INFO 5008 --- [    Test worker] .b.t.a.w.s.WebMvcTestContextBootstrapper : Neither @ContextConfiguration nor @ContextHierarchy found for test class [com.example.rqchallenge.employees.controller.EmployeeControllerImplTests], using SpringBootContextLoader
2022-05-12 09:35:22.562  INFO 5008 --- [    Test worker] o.s.t.c.support.AbstractContextLoader    : Could not detect default resource locations for test class [com.example.rqchallenge.employees.controller.EmployeeControllerImplTests]: no resource found for suffixes {-context.xml, Context.groovy}.
2022-05-12 09:35:22.562  INFO 5008 --- [    Test worker] t.c.s.AnnotationConfigContextLoaderUtils : Could not detect default configuration classes for test class [com.example.rqchallenge.employees.controller.EmployeeControllerImplTests]: EmployeeControllerImplTests does not declare any static, non-private, non-final, nested classes annotated with @Configuration.
2022-05-12 09:35:22.603  INFO 5008 --- [    Test worker] .b.t.c.SpringBootTestContextBootstrapper : Found @SpringBootConfiguration com.example.rqchallenge.RqChallengeApplication for test class com.example.rqchallenge.employees.controller.EmployeeControllerImplTests
2022-05-12 09:35:22.603  INFO 5008 --- [    Test worker] .b.t.a.w.s.WebMvcTestContextBootstrapper : Loaded default TestExecutionListener class names from location [META-INF/spring.factories]: [org.springframework.boot.test.autoconfigure.restdocs.RestDocsTestExecutionListener, org.springframework.boot.test.autoconfigure.web.client.MockRestServiceServerResetTestExecutionListener, org.springframework.boot.test.autoconfigure.web.servlet.MockMvcPrintOnlyOnFailureTestExecutionListener, org.springframework.boot.test.autoconfigure.web.servlet.WebDriverTestExecutionListener, org.springframework.boot.test.autoconfigure.webservices.client.MockWebServiceServerTestExecutionListener, org.springframework.boot.test.mock.mockito.MockitoTestExecutionListener, org.springframework.boot.test.mock.mockito.ResetMocksTestExecutionListener, org.springframework.test.context.web.ServletTestExecutionListener, org.springframework.test.context.support.DirtiesContextBeforeModesTestExecutionListener, org.springframework.test.context.event.ApplicationEventsTestExecutionListener, org.springframework.test.context.support.DependencyInjectionTestExecutionListener, org.springframework.test.context.support.DirtiesContextTestExecutionListener, org.springframework.test.context.transaction.TransactionalTestExecutionListener, org.springframework.test.context.jdbc.SqlScriptsTestExecutionListener, org.springframework.test.context.event.EventPublishingTestExecutionListener]
2022-05-12 09:35:22.607  INFO 5008 --- [    Test worker] .b.t.a.w.s.WebMvcTestContextBootstrapper : Using TestExecutionListeners: [org.springframework.test.context.web.ServletTestExecutionListener@16a5eb6d, org.springframework.test.context.support.DirtiesContextBeforeModesTestExecutionListener@7e307087, org.springframework.test.context.event.ApplicationEventsTestExecutionListener@1220ef43, org.springframework.boot.test.mock.mockito.MockitoTestExecutionListener@1a8b81e8, org.springframework.boot.test.autoconfigure.SpringBootDependencyInjectionTestExecutionListener@234cff57, org.springframework.test.context.support.DirtiesContextTestExecutionListener@5e8507f1, org.springframework.test.context.event.EventPublishingTestExecutionListener@4bcaa195, org.springframework.boot.test.autoconfigure.restdocs.RestDocsTestExecutionListener@d08edc5, org.springframework.boot.test.autoconfigure.web.client.MockRestServiceServerResetTestExecutionListener@49fa1d74, org.springframework.boot.test.autoconfigure.web.servlet.MockMvcPrintOnlyOnFailureTestExecutionListener@3f362135, org.springframework.boot.test.autoconfigure.web.servlet.WebDriverTestExecutionListener@21eee94f, org.springframework.boot.test.autoconfigure.webservices.client.MockWebServiceServerTestExecutionListener@6bc24e72, org.springframework.boot.test.mock.mockito.ResetMocksTestExecutionListener@724aefc3]

  .   ____          _            __ _ _
 /\\ / ___'_ __ _ _(_)_ __  __ _ \ \ \ \
( ( )\___ | '_ | '_| | '_ \/ _` | \ \ \ \
 \\/  ___)| |_)| | | | | || (_| |  ) ) ) )
  '  |____| .__|_| |_|_| |_\__, | / / / /
 =========|_|==============|___/=/_/_/_/
 :: Spring Boot ::                (v2.6.1)

2022-05-12 09:35:22.682  INFO 5008 --- [    Test worker] c.e.r.e.c.EmployeeControllerImplTests    : Starting EmployeeControllerImplTests using Java 1.8.0_291 on LAPTOP-QUG30EVR with PID 5008 (started by Sudesh in C:\Users\Lenovo\Desktop\RQ_Assessment\java-employee-challenge)
2022-05-12 09:35:22.682  INFO 5008 --- [    Test worker] c.e.r.e.c.EmployeeControllerImplTests    : No active profile set, falling back to default profiles: default
2022-05-12 09:35:23.815  INFO 5008 --- [    Test worker] o.s.b.t.m.w.SpringBootMockServletContext : Initializing Spring TestDispatcherServlet ''
2022-05-12 09:35:23.815  INFO 5008 --- [    Test worker] o.s.t.web.servlet.TestDispatcherServlet  : Initializing Servlet ''
2022-05-12 09:35:23.816  INFO 5008 --- [    Test worker] o.s.t.web.servlet.TestDispatcherServlet  : Completed initialization in 1 ms
2022-05-12 09:35:23.844  INFO 5008 --- [    Test worker] c.e.r.e.c.EmployeeControllerImplTests    : Started EmployeeControllerImplTests in 1.23 seconds (JVM running for 7.458)
2022-05-12 09:35:23.911 ERROR 5008 --- [    Test worker] c.e.r.e.c.EmployeeControllerImpl         : No list Found
2022-05-12 09:35:23.970  INFO 5008 --- [    Test worker] c.e.r.e.c.EmployeeControllerImpl         : Size of employee list is 0
2022-05-12 09:35:23.970 ERROR 5008 --- [    Test worker] c.e.r.e.c.EmployeeControllerImpl         : No list Found
2022-05-12 09:35:23.984 ERROR 5008 --- [    Test worker] c.e.r.e.c.EmployeeControllerImpl         : Failed to Delete
2022-05-12 09:35:24.001  INFO 5008 --- [    Test worker] c.e.r.e.c.EmployeeControllerImpl         : Size of employee list is 0
2022-05-12 09:35:24.001 ERROR 5008 --- [    Test worker] c.e.r.e.c.EmployeeControllerImpl         : No list Found
2022-05-12 09:35:24.045 ERROR 5008 --- [    Test worker] c.e.r.e.c.EmployeeControllerImpl         : Failed to Create
2022-05-12 09:35:24.110  INFO 5008 --- [    Test worker] c.e.r.e.c.EmployeeControllerImpl         : Size of employee list is 5
2022-05-12 09:35:24.116  INFO 5008 --- [    Test worker] c.e.r.e.c.EmployeeControllerImpl         : Size of employee list is 5
2022-05-12 09:35:24.125  INFO 5008 --- [    Test worker] c.e.r.e.c.EmployeeControllerImpl         : Deleted Successfully
2022-05-12 09:35:24.131  INFO 5008 --- [    Test worker] c.e.r.e.c.EmployeeControllerImpl         : Higest salary is 433060
2022-05-12 09:35:24.140 ERROR 5008 --- [    Test worker] c.e.r.e.c.EmployeeControllerImpl         : No list Found
]]></system-out>
  <system-err><![CDATA[]]></system-err>
</testsuite>
